<?xml version="1.0" encoding="UTF-8"?>
<!-- Generated by org.testng.reporters.JUnitXMLReporter -->
<testsuite hostname="LTIN339106" name="Test" tests="5" failures="0" timestamp="17 Nov 2021 12:09:07 GMT" time="0.999" errors="0">
  <testcase name="@BeforeMethod setup" time="0.0" classname="com.attends.TestCases.SignupForCreateAccount">
    <failure type="org.testng.TestNGException" message="
Parameter &amp;apos;browser&amp;apos; is required by @Configuration on method setup but has not been marked @Optional or defined
in C:\Users\2066410\workspace\AttendsNEU\testng.xml">
      <![CDATA[org.testng.TestNGException: 
Parameter 'browser' is required by @Configuration on method setup but has not been marked @Optional or defined
in C:\Users\2066410\workspace\AttendsNEU\testng.xml
... Removed 23 stack frames]]>
    </failure>
  </testcase> <!-- @BeforeMethod setup -->
  <testcase name="@AfterMethod tearDown" time="0.0" classname="com.attends.TestCases.SignupForCreateAccount">
    <skipped/>
  </testcase> <!-- @AfterMethod tearDown -->
  <testcase name="@BeforeMethod setup" time="0.0" classname="com.attends.TestCases.LoginPageTest">
    <failure type="org.testng.TestNGException" message="
Parameter &amp;apos;browser&amp;apos; is required by @Configuration on method setup but has not been marked @Optional or defined
in C:\Users\2066410\workspace\AttendsNEU\testng.xml">
      <![CDATA[org.testng.TestNGException: 
Parameter 'browser' is required by @Configuration on method setup but has not been marked @Optional or defined
in C:\Users\2066410\workspace\AttendsNEU\testng.xml
... Removed 23 stack frames]]>
    </failure>
  </testcase> <!-- @BeforeMethod setup -->
  <testcase name="@AfterMethod tearDown" time="0.0" classname="com.attends.TestCases.LoginPageTest">
    <skipped/>
  </testcase> <!-- @AfterMethod tearDown -->
  <testcase name="@BeforeMethod setup" time="0.0" classname="com.attends.TestCases.ProductsPageTest">
    <failure type="org.testng.TestNGException" message="
Parameter &amp;apos;browser&amp;apos; is required by @Configuration on method setup but has not been marked @Optional or defined
in C:\Users\2066410\workspace\AttendsNEU\testng.xml">
      <![CDATA[org.testng.TestNGException: 
Parameter 'browser' is required by @Configuration on method setup but has not been marked @Optional or defined
in C:\Users\2066410\workspace\AttendsNEU\testng.xml
... Removed 23 stack frames]]>
    </failure>
  </testcase> <!-- @BeforeMethod setup -->
  <testcase name="@AfterMethod tearDown" time="0.0" classname="com.attends.TestCases.ProductsPageTest">
    <skipped/>
  </testcase> <!-- @AfterMethod tearDown -->
  <testcase name="@BeforeMethod setup" time="0.0" classname="com.attends.TestCases.ProductSelect">
    <failure type="org.testng.TestNGException" message="
Parameter &amp;apos;browser&amp;apos; is required by @Configuration on method setup but has not been marked @Optional or defined
in C:\Users\2066410\workspace\AttendsNEU\testng.xml">
      <![CDATA[org.testng.TestNGException: 
Parameter 'browser' is required by @Configuration on method setup but has not been marked @Optional or defined
in C:\Users\2066410\workspace\AttendsNEU\testng.xml
... Removed 23 stack frames]]>
    </failure>
  </testcase> <!-- @BeforeMethod setup -->
  <testcase name="@AfterMethod tearDown" time="0.0" classname="com.attends.TestCases.ProductSelect">
    <skipped/>
  </testcase> <!-- @AfterMethod tearDown -->
  <testcase name="@BeforeMethod setup" time="0.0" classname="com.attends.TestCases.RegisterPageTest">
    <failure type="org.testng.TestNGException" message="
Parameter &amp;apos;browser&amp;apos; is required by @Configuration on method setup but has not been marked @Optional or defined
in C:\Users\2066410\workspace\AttendsNEU\testng.xml">
      <![CDATA[org.testng.TestNGException: 
Parameter 'browser' is required by @Configuration on method setup but has not been marked @Optional or defined
in C:\Users\2066410\workspace\AttendsNEU\testng.xml
... Removed 23 stack frames]]>
    </failure>
  </testcase> <!-- @BeforeMethod setup -->
  <testcase name="@AfterMethod tearDown" time="0.0" classname="com.attends.TestCases.RegisterPageTest">
    <skipped/>
  </testcase> <!-- @AfterMethod tearDown -->
  <testcase name="signUp" time="0.0" classname="com.attends.TestCases.SignupForCreateAccount">
    <skipped/>
  </testcase> <!-- signUp -->
  <testcase name="login" time="0.0" classname="com.attends.TestCases.LoginPageTest">
    <skipped/>
  </testcase> <!-- login -->
  <testcase name="products" time="0.001" classname="com.attends.TestCases.ProductsPageTest">
    <skipped/>
  </testcase> <!-- products -->
  <testcase name="productselect" time="0.0" classname="com.attends.TestCases.ProductSelect">
    <skipped/>
  </testcase> <!-- productselect -->
  <testcase name="register" time="0.0" classname="com.attends.TestCases.RegisterPageTest">
    <skipped/>
  </testcase> <!-- register -->
</testsuite> <!-- Test -->
