<?xml version="1.0" encoding="UTF-8"?>
<testng-results skipped="0" failed="4" total="12" passed="8">
  <reporter-output>
    <line>
      <![CDATA[New Professional Account | Attends]]>
    </line>
    <line>
      <![CDATA[Free Sample | Attends]]>
    </line>
    <line>
      <![CDATA[View All Products | Attends]]>
    </line>
    <line>
      <![CDATA[Try it for free | Attends]]>
    </line>
    <line>
      <![CDATA[Try it for free | Attends]]>
    </line>
    <line>
      <![CDATA[Our Daily Solutions - Attends | Attends]]>
    </line>
    <line>
      <![CDATA[For Women | Attends]]>
    </line>
    <line>
      <![CDATA[Attends Numbering System | Attends]]>
    </line>
  </reporter-output>
  <suite name="Suite" duration-ms="370134" started-at="2021-12-01T06:00:49Z" finished-at="2021-12-01T06:06:59Z">
    <groups>
    </groups>
    <test name="TestCheck" duration-ms="370134" started-at="2021-12-01T06:00:49Z" finished-at="2021-12-01T06:06:59Z">
      <class name="com.attends.TestCases.SamplingPageTest">
        <test-method status="PASS" signature="setup(java.lang.String)[pri:0, instance:com.attends.TestCases.SamplingPageTest@6ea12c19]" name="setup" is-config="true" duration-ms="4718" started-at="2021-11-30T22:02:01Z" finished-at="2021-11-30T22:02:06Z">
          <params>
            <param index="0">
              <value>
                <![CDATA[chrome]]>
              </value>
            </param>
          </params>
          <reporter-output>
          </reporter-output>
        </test-method> <!-- setup -->
        <test-method status="FAIL" signature="sampling()[pri:0, instance:com.attends.TestCases.SamplingPageTest@6ea12c19]" name="sampling" duration-ms="48945" started-at="2021-11-30T22:02:06Z" finished-at="2021-11-30T22:02:55Z">
          <exception class="org.openqa.selenium.NoSuchElementException">
            <message>
              <![CDATA[no such element: Unable to locate element: {"method":"xpath","selector":"//a[.='shopping cart']/.."}
  (Session info: chrome=93.0.4577.82)
For documentation on this error, please visit: https://www.seleniumhq.org/exceptions/no_such_element.html
Build info: version: '3.141.59', revision: 'e82be7d358', time: '2018-11-14T08:17:03'
System info: host: 'LTIN339106', ip: '192.168.1.2', os.name: 'Windows 10', os.arch: 'amd64', os.version: '10.0', java.version: '1.8.0_271'
Driver info: org.openqa.selenium.chrome.ChromeDriver
Capabilities {acceptInsecureCerts: false, browserName: chrome, browserVersion: 93.0.4577.82, chrome: {chromedriverVersion: 93.0.4577.63 (ff5c0da2ec0ad..., userDataDir: C:\Users\2066410\AppData\Lo...}, goog:chromeOptions: {debuggerAddress: localhost:57666}, javascriptEnabled: true, networkConnectionEnabled: false, pageLoadStrategy: normal, platform: WINDOWS, platformName: WINDOWS, proxy: Proxy(), setWindowRect: true, strictFileInteractability: false, timeouts: {implicit: 0, pageLoad: 300000, script: 30000}, unhandledPromptBehavior: dismiss and notify, webauthn:extension:credBlob: true, webauthn:extension:largeBlob: true, webauthn:virtualAuthenticators: true}
Session ID: 28555cc8f8020ee4b3e3933cf957839c
*** Element info: {Using=xpath, value=//a[.='shopping cart']/..}]]>
            </message>
            <full-stacktrace>
              <![CDATA[org.openqa.selenium.NoSuchElementException: no such element: Unable to locate element: {"method":"xpath","selector":"//a[.='shopping cart']/.."}
  (Session info: chrome=93.0.4577.82)
For documentation on this error, please visit: https://www.seleniumhq.org/exceptions/no_such_element.html
Build info: version: '3.141.59', revision: 'e82be7d358', time: '2018-11-14T08:17:03'
System info: host: 'LTIN339106', ip: '192.168.1.2', os.name: 'Windows 10', os.arch: 'amd64', os.version: '10.0', java.version: '1.8.0_271'
Driver info: org.openqa.selenium.chrome.ChromeDriver
Capabilities {acceptInsecureCerts: false, browserName: chrome, browserVersion: 93.0.4577.82, chrome: {chromedriverVersion: 93.0.4577.63 (ff5c0da2ec0ad..., userDataDir: C:\Users\2066410\AppData\Lo...}, goog:chromeOptions: {debuggerAddress: localhost:57666}, javascriptEnabled: true, networkConnectionEnabled: false, pageLoadStrategy: normal, platform: WINDOWS, platformName: WINDOWS, proxy: Proxy(), setWindowRect: true, strictFileInteractability: false, timeouts: {implicit: 0, pageLoad: 300000, script: 30000}, unhandledPromptBehavior: dismiss and notify, webauthn:extension:credBlob: true, webauthn:extension:largeBlob: true, webauthn:virtualAuthenticators: true}
Session ID: 28555cc8f8020ee4b3e3933cf957839c
*** Element info: {Using=xpath, value=//a[.='shopping cart']/..}
	at sun.reflect.NativeConstructorAccessorImpl.newInstance0(Native Method)
	at sun.reflect.NativeConstructorAccessorImpl.newInstance(NativeConstructorAccessorImpl.java:62)
	at sun.reflect.DelegatingConstructorAccessorImpl.newInstance(DelegatingConstructorAccessorImpl.java:45)
	at java.lang.reflect.Constructor.newInstance(Constructor.java:423)
	at org.openqa.selenium.remote.http.W3CHttpResponseCodec.createException(W3CHttpResponseCodec.java:187)
	at org.openqa.selenium.remote.http.W3CHttpResponseCodec.decode(W3CHttpResponseCodec.java:122)
	at org.openqa.selenium.remote.http.W3CHttpResponseCodec.decode(W3CHttpResponseCodec.java:49)
	at org.openqa.selenium.remote.HttpCommandExecutor.execute(HttpCommandExecutor.java:158)
	at org.openqa.selenium.remote.service.DriverCommandExecutor.execute(DriverCommandExecutor.java:83)
	at org.openqa.selenium.remote.RemoteWebDriver.execute(RemoteWebDriver.java:552)
	at org.openqa.selenium.remote.RemoteWebDriver.findElement(RemoteWebDriver.java:323)
	at org.openqa.selenium.remote.RemoteWebDriver.findElementByXPath(RemoteWebDriver.java:428)
	at org.openqa.selenium.By$ByXPath.findElement(By.java:353)
	at org.openqa.selenium.remote.RemoteWebDriver.findElement(RemoteWebDriver.java:315)
	at org.openqa.selenium.support.pagefactory.DefaultElementLocator.findElement(DefaultElementLocator.java:69)
	at org.openqa.selenium.support.pagefactory.internal.LocatingElementHandler.invoke(LocatingElementHandler.java:38)
	at com.sun.proxy.$Proxy12.getText(Unknown Source)
	at com.attends.TestCases.SamplingPageTest.sampling(SamplingPageTest.java:61)
	at sun.reflect.NativeMethodAccessorImpl.invoke0(Native Method)
	at sun.reflect.NativeMethodAccessorImpl.invoke(NativeMethodAccessorImpl.java:62)
	at sun.reflect.DelegatingMethodAccessorImpl.invoke(DelegatingMethodAccessorImpl.java:43)
	at java.lang.reflect.Method.invoke(Method.java:498)
	at org.testng.internal.MethodInvocationHelper.invokeMethod(MethodInvocationHelper.java:86)
	at org.testng.internal.Invoker.invokeMethod(Invoker.java:645)
	at org.testng.internal.Invoker.invokeTestMethod(Invoker.java:822)
	at org.testng.internal.Invoker.invokeTestMethods(Invoker.java:1130)
	at org.testng.internal.TestMethodWorker.invokeTestMethods(TestMethodWorker.java:129)
	at org.testng.internal.TestMethodWorker.run(TestMethodWorker.java:112)
	at org.testng.TestRunner.privateRun(TestRunner.java:782)
	at org.testng.TestRunner.run(TestRunner.java:632)
	at org.testng.SuiteRunner.runTest(SuiteRunner.java:366)
	at org.testng.SuiteRunner.runSequentially(SuiteRunner.java:361)
	at org.testng.SuiteRunner.privateRun(SuiteRunner.java:319)
	at org.testng.SuiteRunner.run(SuiteRunner.java:268)
	at org.testng.SuiteRunnerWorker.runSuite(SuiteRunnerWorker.java:52)
	at org.testng.SuiteRunnerWorker.run(SuiteRunnerWorker.java:86)
	at org.testng.TestNG.runSuitesSequentially(TestNG.java:1244)
	at org.testng.TestNG.runSuitesLocally(TestNG.java:1169)
	at org.testng.TestNG.run(TestNG.java:1064)
	at org.testng.remote.RemoteTestNG.run(RemoteTestNG.java:113)
	at org.testng.remote.RemoteTestNG.initAndRun(RemoteTestNG.java:206)
	at org.testng.remote.RemoteTestNG.main(RemoteTestNG.java:177)
]]>
            </full-stacktrace>
          </exception> <!-- org.openqa.selenium.NoSuchElementException -->
          <reporter-output>
          </reporter-output>
        </test-method> <!-- sampling -->
        <test-method status="PASS" signature="tearDown()[pri:0, instance:com.attends.TestCases.SamplingPageTest@6ea12c19]" name="tearDown" is-config="true" duration-ms="1543" started-at="2021-11-30T22:02:55Z" finished-at="2021-11-30T22:02:56Z">
          <reporter-output>
          </reporter-output>
        </test-method> <!-- tearDown -->
      </class> <!-- com.attends.TestCases.SamplingPageTest -->
      <class name="com.attends.TestCases.TryItFree">
        <test-method status="PASS" signature="setup(java.lang.String)[pri:0, instance:com.attends.TestCases.TryItFree@4de8b406]" name="setup" is-config="true" duration-ms="3966" started-at="2021-11-30T22:05:57Z" finished-at="2021-11-30T22:06:01Z">
          <params>
            <param index="0">
              <value>
                <![CDATA[chrome]]>
              </value>
            </param>
          </params>
          <reporter-output>
          </reporter-output>
        </test-method> <!-- setup -->
        <test-method status="PASS" signature="Tryitfree()[pri:0, instance:com.attends.TestCases.TryItFree@4de8b406]" name="Tryitfree" duration-ms="4339" started-at="2021-11-30T22:06:01Z" finished-at="2021-11-30T22:06:05Z">
          <reporter-output>
            <line>
              <![CDATA[Try it for free | Attends]]>
            </line>
          </reporter-output>
        </test-method> <!-- Tryitfree -->
        <test-method status="PASS" signature="tearDown()[pri:0, instance:com.attends.TestCases.TryItFree@4de8b406]" name="tearDown" is-config="true" duration-ms="1577" started-at="2021-11-30T22:06:05Z" finished-at="2021-11-30T22:06:07Z">
          <reporter-output>
          </reporter-output>
        </test-method> <!-- tearDown -->
      </class> <!-- com.attends.TestCases.TryItFree -->
      <class name="com.attends.TestCases.SignupForCreateAccount">
        <test-method status="PASS" signature="loadConfig()[pri:0, instance:com.attends.TestCases.SignupForCreateAccount@458ad742]" name="loadConfig" is-config="true" duration-ms="472" started-at="2021-11-30T22:00:49Z" finished-at="2021-11-30T22:00:49Z">
          <reporter-output>
          </reporter-output>
        </test-method> <!-- loadConfig -->
        <test-method status="PASS" signature="setup(java.lang.String)[pri:0, instance:com.attends.TestCases.SignupForCreateAccount@458ad742]" name="setup" is-config="true" duration-ms="13285" started-at="2021-11-30T22:00:51Z" finished-at="2021-11-30T22:01:04Z">
          <params>
            <param index="0">
              <value>
                <![CDATA[chrome]]>
              </value>
            </param>
          </params>
          <reporter-output>
          </reporter-output>
        </test-method> <!-- setup -->
        <test-method status="PASS" signature="signUp(java.lang.String, java.lang.String, java.lang.String, java.lang.String, java.lang.String, java.lang.String, java.lang.String)[pri:0, instance:com.attends.TestCases.SignupForCreateAccount@458ad742]" name="signUp" duration-ms="48221" started-at="2021-11-30T22:01:04Z" data-provider="SignUp" finished-at="2021-11-30T22:01:52Z">
          <params>
            <param index="0">
              <value>
                <![CDATA[Priya]]>
              </value>
            </param>
            <param index="1">
              <value>
                <![CDATA[kumari]]>
              </value>
            </param>
            <param index="2">
              <value>
                <![CDATA[anjalironaldo43@gmail.com]]>
              </value>
            </param>
            <param index="3">
              <value>
                <![CDATA[+917011760234]]>
              </value>
            </param>
            <param index="4">
              <value>
                <![CDATA[qwerty@123456]]>
              </value>
            </param>
            <param index="5">
              <value>
                <![CDATA[232]]>
              </value>
            </param>
            <param index="6">
              <value>
                <![CDATA[Valid]]>
              </value>
            </param>
          </params>
          <reporter-output>
            <line>
              <![CDATA[New Professional Account | Attends]]>
            </line>
          </reporter-output>
        </test-method> <!-- signUp -->
        <test-method status="PASS" signature="tearDown()[pri:0, instance:com.attends.TestCases.SignupForCreateAccount@458ad742]" name="tearDown" is-config="true" duration-ms="1695" started-at="2021-11-30T22:01:52Z" finished-at="2021-11-30T22:01:54Z">
          <reporter-output>
          </reporter-output>
        </test-method> <!-- tearDown -->
        <test-method status="PASS" signature="afterSuite()[pri:0, instance:com.attends.TestCases.SignupForCreateAccount@458ad742]" name="afterSuite" is-config="true" duration-ms="5" started-at="2021-11-30T22:06:59Z" finished-at="2021-11-30T22:06:59Z">
          <reporter-output>
          </reporter-output>
        </test-method> <!-- afterSuite -->
      </class> <!-- com.attends.TestCases.SignupForCreateAccount -->
      <class name="com.attends.TestCases.DropDownPageTest">
        <test-method status="PASS" signature="setup(java.lang.String)[pri:0, instance:com.attends.TestCases.DropDownPageTest@6a2bcfcb]" name="setup" is-config="true" duration-ms="4877" started-at="2021-11-30T22:05:40Z" finished-at="2021-11-30T22:05:45Z">
          <params>
            <param index="0">
              <value>
                <![CDATA[chrome]]>
              </value>
            </param>
          </params>
          <reporter-output>
          </reporter-output>
        </test-method> <!-- setup -->
        <test-method status="PASS" signature="dropdown()[pri:0, instance:com.attends.TestCases.DropDownPageTest@6a2bcfcb]" name="dropdown" duration-ms="10574" started-at="2021-11-30T22:05:45Z" finished-at="2021-11-30T22:05:55Z">
          <reporter-output>
          </reporter-output>
        </test-method> <!-- dropdown -->
        <test-method status="PASS" signature="tearDown()[pri:0, instance:com.attends.TestCases.DropDownPageTest@6a2bcfcb]" name="tearDown" is-config="true" duration-ms="1568" started-at="2021-11-30T22:05:55Z" finished-at="2021-11-30T22:05:57Z">
          <reporter-output>
          </reporter-output>
        </test-method> <!-- tearDown -->
      </class> <!-- com.attends.TestCases.DropDownPageTest -->
      <class name="com.attends.TestCases.HeaderPageTest">
        <test-method status="PASS" signature="setup(java.lang.String)[pri:0, instance:com.attends.TestCases.HeaderPageTest@5afa04c]" name="setup" is-config="true" duration-ms="4990" started-at="2021-11-30T22:01:54Z" finished-at="2021-11-30T22:01:59Z">
          <params>
            <param index="0">
              <value>
                <![CDATA[chrome]]>
              </value>
            </param>
          </params>
          <reporter-output>
          </reporter-output>
        </test-method> <!-- setup -->
        <test-method status="PASS" signature="header()[pri:0, instance:com.attends.TestCases.HeaderPageTest@5afa04c]" name="header" duration-ms="950" started-at="2021-11-30T22:01:59Z" finished-at="2021-11-30T22:02:00Z">
          <reporter-output>
          </reporter-output>
        </test-method> <!-- header -->
        <test-method status="PASS" signature="tearDown()[pri:0, instance:com.attends.TestCases.HeaderPageTest@5afa04c]" name="tearDown" is-config="true" duration-ms="1449" started-at="2021-11-30T22:02:00Z" finished-at="2021-11-30T22:02:01Z">
          <reporter-output>
          </reporter-output>
        </test-method> <!-- tearDown -->
      </class> <!-- com.attends.TestCases.HeaderPageTest -->
      <class name="com.attends.TestCases.ForMePageTest">
        <test-method status="PASS" signature="setup(java.lang.String)[pri:0, instance:com.attends.TestCases.ForMePageTest@7c0e2abd]" name="setup" is-config="true" duration-ms="4723" started-at="2021-11-30T22:06:39Z" finished-at="2021-11-30T22:06:44Z">
          <params>
            <param index="0">
              <value>
                <![CDATA[chrome]]>
              </value>
            </param>
          </params>
          <reporter-output>
          </reporter-output>
        </test-method> <!-- setup -->
        <test-method status="PASS" signature="forMe()[pri:0, instance:com.attends.TestCases.ForMePageTest@7c0e2abd]" name="forMe" duration-ms="13885" started-at="2021-11-30T22:06:44Z" finished-at="2021-11-30T22:06:57Z">
          <reporter-output>
            <line>
              <![CDATA[Our Daily Solutions - Attends | Attends]]>
            </line>
            <line>
              <![CDATA[For Women | Attends]]>
            </line>
            <line>
              <![CDATA[Attends Numbering System | Attends]]>
            </line>
          </reporter-output>
        </test-method> <!-- forMe -->
        <test-method status="PASS" signature="tearDown()[pri:0, instance:com.attends.TestCases.ForMePageTest@7c0e2abd]" name="tearDown" is-config="true" duration-ms="1650" started-at="2021-11-30T22:06:57Z" finished-at="2021-11-30T22:06:59Z">
          <reporter-output>
          </reporter-output>
        </test-method> <!-- tearDown -->
      </class> <!-- com.attends.TestCases.ForMePageTest -->
      <class name="com.attends.TestCases.RegisterPageTest">
        <test-method status="PASS" signature="setup(java.lang.String)[pri:0, instance:com.attends.TestCases.RegisterPageTest@3c756e4d]" name="setup" is-config="true" duration-ms="16028" started-at="2021-11-30T22:06:07Z" finished-at="2021-11-30T22:06:23Z">
          <params>
            <param index="0">
              <value>
                <![CDATA[chrome]]>
              </value>
            </param>
          </params>
          <reporter-output>
          </reporter-output>
        </test-method> <!-- setup -->
        <test-method status="FAIL" signature="register()[pri:0, instance:com.attends.TestCases.RegisterPageTest@3c756e4d]" name="register" duration-ms="14450" started-at="2021-11-30T22:06:23Z" finished-at="2021-11-30T22:06:37Z">
          <exception class="org.openqa.selenium.NoSuchElementException">
            <message>
              <![CDATA[no such element: Unable to locate element: {"method":"xpath","selector":"(//span[@class='base'])[1]"}
  (Session info: chrome=93.0.4577.82)
For documentation on this error, please visit: https://www.seleniumhq.org/exceptions/no_such_element.html
Build info: version: '3.141.59', revision: 'e82be7d358', time: '2018-11-14T08:17:03'
System info: host: 'LTIN339106', ip: '192.168.1.2', os.name: 'Windows 10', os.arch: 'amd64', os.version: '10.0', java.version: '1.8.0_271'
Driver info: org.openqa.selenium.chrome.ChromeDriver
Capabilities {acceptInsecureCerts: false, browserName: chrome, browserVersion: 93.0.4577.82, chrome: {chromedriverVersion: 93.0.4577.63 (ff5c0da2ec0ad..., userDataDir: C:\Users\2066410\AppData\Lo...}, goog:chromeOptions: {debuggerAddress: localhost:56894}, javascriptEnabled: true, networkConnectionEnabled: false, pageLoadStrategy: normal, platform: WINDOWS, platformName: WINDOWS, proxy: Proxy(), setWindowRect: true, strictFileInteractability: false, timeouts: {implicit: 0, pageLoad: 300000, script: 30000}, unhandledPromptBehavior: dismiss and notify, webauthn:extension:credBlob: true, webauthn:extension:largeBlob: true, webauthn:virtualAuthenticators: true}
Session ID: c6b0df3e460afb331b4eb924f21a7c06
*** Element info: {Using=xpath, value=(//span[@class='base'])[1]}]]>
            </message>
            <full-stacktrace>
              <![CDATA[org.openqa.selenium.NoSuchElementException: no such element: Unable to locate element: {"method":"xpath","selector":"(//span[@class='base'])[1]"}
  (Session info: chrome=93.0.4577.82)
For documentation on this error, please visit: https://www.seleniumhq.org/exceptions/no_such_element.html
Build info: version: '3.141.59', revision: 'e82be7d358', time: '2018-11-14T08:17:03'
System info: host: 'LTIN339106', ip: '192.168.1.2', os.name: 'Windows 10', os.arch: 'amd64', os.version: '10.0', java.version: '1.8.0_271'
Driver info: org.openqa.selenium.chrome.ChromeDriver
Capabilities {acceptInsecureCerts: false, browserName: chrome, browserVersion: 93.0.4577.82, chrome: {chromedriverVersion: 93.0.4577.63 (ff5c0da2ec0ad..., userDataDir: C:\Users\2066410\AppData\Lo...}, goog:chromeOptions: {debuggerAddress: localhost:56894}, javascriptEnabled: true, networkConnectionEnabled: false, pageLoadStrategy: normal, platform: WINDOWS, platformName: WINDOWS, proxy: Proxy(), setWindowRect: true, strictFileInteractability: false, timeouts: {implicit: 0, pageLoad: 300000, script: 30000}, unhandledPromptBehavior: dismiss and notify, webauthn:extension:credBlob: true, webauthn:extension:largeBlob: true, webauthn:virtualAuthenticators: true}
Session ID: c6b0df3e460afb331b4eb924f21a7c06
*** Element info: {Using=xpath, value=(//span[@class='base'])[1]}
	at sun.reflect.NativeConstructorAccessorImpl.newInstance0(Native Method)
	at sun.reflect.NativeConstructorAccessorImpl.newInstance(NativeConstructorAccessorImpl.java:62)
	at sun.reflect.DelegatingConstructorAccessorImpl.newInstance(DelegatingConstructorAccessorImpl.java:45)
	at java.lang.reflect.Constructor.newInstance(Constructor.java:423)
	at org.openqa.selenium.remote.http.W3CHttpResponseCodec.createException(W3CHttpResponseCodec.java:187)
	at org.openqa.selenium.remote.http.W3CHttpResponseCodec.decode(W3CHttpResponseCodec.java:122)
	at org.openqa.selenium.remote.http.W3CHttpResponseCodec.decode(W3CHttpResponseCodec.java:49)
	at org.openqa.selenium.remote.HttpCommandExecutor.execute(HttpCommandExecutor.java:158)
	at org.openqa.selenium.remote.service.DriverCommandExecutor.execute(DriverCommandExecutor.java:83)
	at org.openqa.selenium.remote.RemoteWebDriver.execute(RemoteWebDriver.java:552)
	at org.openqa.selenium.remote.RemoteWebDriver.findElement(RemoteWebDriver.java:323)
	at org.openqa.selenium.remote.RemoteWebDriver.findElementByXPath(RemoteWebDriver.java:428)
	at org.openqa.selenium.By$ByXPath.findElement(By.java:353)
	at org.openqa.selenium.remote.RemoteWebDriver.findElement(RemoteWebDriver.java:315)
	at org.openqa.selenium.support.pagefactory.DefaultElementLocator.findElement(DefaultElementLocator.java:69)
	at org.openqa.selenium.support.pagefactory.internal.LocatingElementHandler.invoke(LocatingElementHandler.java:38)
	at com.sun.proxy.$Proxy12.isDisplayed(Unknown Source)
	at com.attends.TestCases.RegisterPageTest.register(RegisterPageTest.java:57)
	at sun.reflect.NativeMethodAccessorImpl.invoke0(Native Method)
	at sun.reflect.NativeMethodAccessorImpl.invoke(NativeMethodAccessorImpl.java:62)
	at sun.reflect.DelegatingMethodAccessorImpl.invoke(DelegatingMethodAccessorImpl.java:43)
	at java.lang.reflect.Method.invoke(Method.java:498)
	at org.testng.internal.MethodInvocationHelper.invokeMethod(MethodInvocationHelper.java:86)
	at org.testng.internal.Invoker.invokeMethod(Invoker.java:645)
	at org.testng.internal.Invoker.invokeTestMethod(Invoker.java:822)
	at org.testng.internal.Invoker.invokeTestMethods(Invoker.java:1130)
	at org.testng.internal.TestMethodWorker.invokeTestMethods(TestMethodWorker.java:129)
	at org.testng.internal.TestMethodWorker.run(TestMethodWorker.java:112)
	at org.testng.TestRunner.privateRun(TestRunner.java:782)
	at org.testng.TestRunner.run(TestRunner.java:632)
	at org.testng.SuiteRunner.runTest(SuiteRunner.java:366)
	at org.testng.SuiteRunner.runSequentially(SuiteRunner.java:361)
	at org.testng.SuiteRunner.privateRun(SuiteRunner.java:319)
	at org.testng.SuiteRunner.run(SuiteRunner.java:268)
	at org.testng.SuiteRunnerWorker.runSuite(SuiteRunnerWorker.java:52)
	at org.testng.SuiteRunnerWorker.run(SuiteRunnerWorker.java:86)
	at org.testng.TestNG.runSuitesSequentially(TestNG.java:1244)
	at org.testng.TestNG.runSuitesLocally(TestNG.java:1169)
	at org.testng.TestNG.run(TestNG.java:1064)
	at org.testng.remote.RemoteTestNG.run(RemoteTestNG.java:113)
	at org.testng.remote.RemoteTestNG.initAndRun(RemoteTestNG.java:206)
	at org.testng.remote.RemoteTestNG.main(RemoteTestNG.java:177)
]]>
            </full-stacktrace>
          </exception> <!-- org.openqa.selenium.NoSuchElementException -->
          <reporter-output>
            <line>
              <![CDATA[Try it for free | Attends]]>
            </line>
          </reporter-output>
        </test-method> <!-- register -->
        <test-method status="PASS" signature="tearDown()[pri:0, instance:com.attends.TestCases.RegisterPageTest@3c756e4d]" name="tearDown" is-config="true" duration-ms="1664" started-at="2021-11-30T22:06:37Z" finished-at="2021-11-30T22:06:39Z">
          <reporter-output>
          </reporter-output>
        </test-method> <!-- tearDown -->
      </class> <!-- com.attends.TestCases.RegisterPageTest -->
      <class name="com.attends.TestCases.FooterpageTest">
        <test-method status="PASS" signature="setup(java.lang.String)[pri:0, instance:com.attends.TestCases.FooterpageTest@174d20a]" name="setup" is-config="true" duration-ms="24556" started-at="2021-11-30T22:04:04Z" finished-at="2021-11-30T22:04:28Z">
          <params>
            <param index="0">
              <value>
                <![CDATA[chrome]]>
              </value>
            </param>
          </params>
          <reporter-output>
          </reporter-output>
        </test-method> <!-- setup -->
        <test-method status="PASS" signature="footer()[pri:0, instance:com.attends.TestCases.FooterpageTest@174d20a]" name="footer" duration-ms="699" started-at="2021-11-30T22:04:28Z" finished-at="2021-11-30T22:04:29Z">
          <reporter-output>
          </reporter-output>
        </test-method> <!-- footer -->
        <test-method status="PASS" signature="tearDown()[pri:0, instance:com.attends.TestCases.FooterpageTest@174d20a]" name="tearDown" is-config="true" duration-ms="1598" started-at="2021-11-30T22:04:29Z" finished-at="2021-11-30T22:04:31Z">
          <reporter-output>
          </reporter-output>
        </test-method> <!-- tearDown -->
      </class> <!-- com.attends.TestCases.FooterpageTest -->
      <class name="com.attends.TestCases.SampleCartPageTest">
        <test-method status="PASS" signature="setup(java.lang.String)[pri:0, instance:com.attends.TestCases.SampleCartPageTest@6a024a67]" name="setup" is-config="true" duration-ms="4174" started-at="2021-11-30T22:02:57Z" finished-at="2021-11-30T22:03:01Z">
          <params>
            <param index="0">
              <value>
                <![CDATA[chrome]]>
              </value>
            </param>
          </params>
          <reporter-output>
          </reporter-output>
        </test-method> <!-- setup -->
        <test-method status="FAIL" signature="Sample(java.lang.String, java.lang.String, java.lang.String, java.lang.String, java.lang.String, java.lang.String, java.lang.String)[pri:0, instance:com.attends.TestCases.SampleCartPageTest@6a024a67]" name="Sample" duration-ms="41905" started-at="2021-11-30T22:03:01Z" data-provider="SignUp" finished-at="2021-11-30T22:03:43Z">
          <params>
            <param index="0">
              <value>
                <![CDATA[Priya]]>
              </value>
            </param>
            <param index="1">
              <value>
                <![CDATA[kumari]]>
              </value>
            </param>
            <param index="2">
              <value>
                <![CDATA[anjalironaldo43@gmail.com]]>
              </value>
            </param>
            <param index="3">
              <value>
                <![CDATA[+917011760234]]>
              </value>
            </param>
            <param index="4">
              <value>
                <![CDATA[qwerty@123456]]>
              </value>
            </param>
            <param index="5">
              <value>
                <![CDATA[232]]>
              </value>
            </param>
            <param index="6">
              <value>
                <![CDATA[Valid]]>
              </value>
            </param>
          </params>
          <exception class="org.openqa.selenium.NoSuchElementException">
            <message>
              <![CDATA[no such element: Unable to locate element: {"method":"xpath","selector":"//*[@id='mini-cart']/li/div/div/strong/a"}
  (Session info: chrome=93.0.4577.82)
For documentation on this error, please visit: https://www.seleniumhq.org/exceptions/no_such_element.html
Build info: version: '3.141.59', revision: 'e82be7d358', time: '2018-11-14T08:17:03'
System info: host: 'LTIN339106', ip: '192.168.1.2', os.name: 'Windows 10', os.arch: 'amd64', os.version: '10.0', java.version: '1.8.0_271'
Driver info: org.openqa.selenium.chrome.ChromeDriver
Capabilities {acceptInsecureCerts: false, browserName: chrome, browserVersion: 93.0.4577.82, chrome: {chromedriverVersion: 93.0.4577.63 (ff5c0da2ec0ad..., userDataDir: C:\Users\2066410\AppData\Lo...}, goog:chromeOptions: {debuggerAddress: localhost:50675}, javascriptEnabled: true, networkConnectionEnabled: false, pageLoadStrategy: normal, platform: WINDOWS, platformName: WINDOWS, proxy: Proxy(), setWindowRect: true, strictFileInteractability: false, timeouts: {implicit: 0, pageLoad: 300000, script: 30000}, unhandledPromptBehavior: dismiss and notify, webauthn:extension:credBlob: true, webauthn:extension:largeBlob: true, webauthn:virtualAuthenticators: true}
Session ID: a278ebe77686200db8cfd0769ccfb7c1
*** Element info: {Using=xpath, value=//*[@id='mini-cart']/li/div/div/strong/a}]]>
            </message>
            <full-stacktrace>
              <![CDATA[org.openqa.selenium.NoSuchElementException: no such element: Unable to locate element: {"method":"xpath","selector":"//*[@id='mini-cart']/li/div/div/strong/a"}
  (Session info: chrome=93.0.4577.82)
For documentation on this error, please visit: https://www.seleniumhq.org/exceptions/no_such_element.html
Build info: version: '3.141.59', revision: 'e82be7d358', time: '2018-11-14T08:17:03'
System info: host: 'LTIN339106', ip: '192.168.1.2', os.name: 'Windows 10', os.arch: 'amd64', os.version: '10.0', java.version: '1.8.0_271'
Driver info: org.openqa.selenium.chrome.ChromeDriver
Capabilities {acceptInsecureCerts: false, browserName: chrome, browserVersion: 93.0.4577.82, chrome: {chromedriverVersion: 93.0.4577.63 (ff5c0da2ec0ad..., userDataDir: C:\Users\2066410\AppData\Lo...}, goog:chromeOptions: {debuggerAddress: localhost:50675}, javascriptEnabled: true, networkConnectionEnabled: false, pageLoadStrategy: normal, platform: WINDOWS, platformName: WINDOWS, proxy: Proxy(), setWindowRect: true, strictFileInteractability: false, timeouts: {implicit: 0, pageLoad: 300000, script: 30000}, unhandledPromptBehavior: dismiss and notify, webauthn:extension:credBlob: true, webauthn:extension:largeBlob: true, webauthn:virtualAuthenticators: true}
Session ID: a278ebe77686200db8cfd0769ccfb7c1
*** Element info: {Using=xpath, value=//*[@id='mini-cart']/li/div/div/strong/a}
	at sun.reflect.NativeConstructorAccessorImpl.newInstance0(Native Method)
	at sun.reflect.NativeConstructorAccessorImpl.newInstance(NativeConstructorAccessorImpl.java:62)
	at sun.reflect.DelegatingConstructorAccessorImpl.newInstance(DelegatingConstructorAccessorImpl.java:45)
	at java.lang.reflect.Constructor.newInstance(Constructor.java:423)
	at org.openqa.selenium.remote.http.W3CHttpResponseCodec.createException(W3CHttpResponseCodec.java:187)
	at org.openqa.selenium.remote.http.W3CHttpResponseCodec.decode(W3CHttpResponseCodec.java:122)
	at org.openqa.selenium.remote.http.W3CHttpResponseCodec.decode(W3CHttpResponseCodec.java:49)
	at org.openqa.selenium.remote.HttpCommandExecutor.execute(HttpCommandExecutor.java:158)
	at org.openqa.selenium.remote.service.DriverCommandExecutor.execute(DriverCommandExecutor.java:83)
	at org.openqa.selenium.remote.RemoteWebDriver.execute(RemoteWebDriver.java:552)
	at org.openqa.selenium.remote.RemoteWebDriver.findElement(RemoteWebDriver.java:323)
	at org.openqa.selenium.remote.RemoteWebDriver.findElementByXPath(RemoteWebDriver.java:428)
	at org.openqa.selenium.By$ByXPath.findElement(By.java:353)
	at org.openqa.selenium.remote.RemoteWebDriver.findElement(RemoteWebDriver.java:315)
	at org.openqa.selenium.support.pagefactory.DefaultElementLocator.findElement(DefaultElementLocator.java:69)
	at org.openqa.selenium.support.pagefactory.internal.LocatingElementHandler.invoke(LocatingElementHandler.java:38)
	at com.sun.proxy.$Proxy12.isDisplayed(Unknown Source)
	at com.attends.TestCases.SampleCartPageTest.Sample(SampleCartPageTest.java:145)
	at sun.reflect.NativeMethodAccessorImpl.invoke0(Native Method)
	at sun.reflect.NativeMethodAccessorImpl.invoke(NativeMethodAccessorImpl.java:62)
	at sun.reflect.DelegatingMethodAccessorImpl.invoke(DelegatingMethodAccessorImpl.java:43)
	at java.lang.reflect.Method.invoke(Method.java:498)
	at org.testng.internal.MethodInvocationHelper.invokeMethod(MethodInvocationHelper.java:86)
	at org.testng.internal.Invoker.invokeMethod(Invoker.java:645)
	at org.testng.internal.Invoker.invokeTestMethod(Invoker.java:822)
	at org.testng.internal.Invoker.invokeTestMethods(Invoker.java:1130)
	at org.testng.internal.TestMethodWorker.invokeTestMethods(TestMethodWorker.java:129)
	at org.testng.internal.TestMethodWorker.run(TestMethodWorker.java:112)
	at org.testng.TestRunner.privateRun(TestRunner.java:782)
	at org.testng.TestRunner.run(TestRunner.java:632)
	at org.testng.SuiteRunner.runTest(SuiteRunner.java:366)
	at org.testng.SuiteRunner.runSequentially(SuiteRunner.java:361)
	at org.testng.SuiteRunner.privateRun(SuiteRunner.java:319)
	at org.testng.SuiteRunner.run(SuiteRunner.java:268)
	at org.testng.SuiteRunnerWorker.runSuite(SuiteRunnerWorker.java:52)
	at org.testng.SuiteRunnerWorker.run(SuiteRunnerWorker.java:86)
	at org.testng.TestNG.runSuitesSequentially(TestNG.java:1244)
	at org.testng.TestNG.runSuitesLocally(TestNG.java:1169)
	at org.testng.TestNG.run(TestNG.java:1064)
	at org.testng.remote.RemoteTestNG.run(RemoteTestNG.java:113)
	at org.testng.remote.RemoteTestNG.initAndRun(RemoteTestNG.java:206)
	at org.testng.remote.RemoteTestNG.main(RemoteTestNG.java:177)
]]>
            </full-stacktrace>
          </exception> <!-- org.openqa.selenium.NoSuchElementException -->
          <reporter-output>
            <line>
              <![CDATA[Free Sample | Attends]]>
            </line>
          </reporter-output>
        </test-method> <!-- Sample -->
        <test-method status="PASS" signature="tearDown()[pri:0, instance:com.attends.TestCases.SampleCartPageTest@6a024a67]" name="tearDown" is-config="true" duration-ms="1748" started-at="2021-11-30T22:03:43Z" finished-at="2021-11-30T22:03:44Z">
          <reporter-output>
          </reporter-output>
        </test-method> <!-- tearDown -->
      </class> <!-- com.attends.TestCases.SampleCartPageTest -->
      <class name="com.attends.TestCases.ProductSelect">
        <test-method status="PASS" signature="setup(java.lang.String)[pri:0, instance:com.attends.TestCases.ProductSelect@66d2e7d9]" name="setup" is-config="true" duration-ms="6195" started-at="2021-11-30T22:04:31Z" finished-at="2021-11-30T22:04:37Z">
          <params>
            <param index="0">
              <value>
                <![CDATA[chrome]]>
              </value>
            </param>
          </params>
          <reporter-output>
          </reporter-output>
        </test-method> <!-- setup -->
        <test-method status="PASS" signature="productselect()[pri:0, instance:com.attends.TestCases.ProductSelect@66d2e7d9]" name="productselect" duration-ms="32278" started-at="2021-11-30T22:04:37Z" finished-at="2021-11-30T22:05:09Z">
          <reporter-output>
          </reporter-output>
        </test-method> <!-- productselect -->
        <test-method status="PASS" signature="tearDown()[pri:0, instance:com.attends.TestCases.ProductSelect@66d2e7d9]" name="tearDown" is-config="true" duration-ms="1669" started-at="2021-11-30T22:05:09Z" finished-at="2021-11-30T22:05:11Z">
          <reporter-output>
          </reporter-output>
        </test-method> <!-- tearDown -->
      </class> <!-- com.attends.TestCases.ProductSelect -->
      <class name="com.attends.TestCases.ProductsPageTest">
        <test-method status="PASS" signature="setup(java.lang.String)[pri:0, instance:com.attends.TestCases.ProductsPageTest@1efbd816]" name="setup" is-config="true" duration-ms="5151" started-at="2021-11-30T22:05:11Z" finished-at="2021-11-30T22:05:16Z">
          <params>
            <param index="0">
              <value>
                <![CDATA[chrome]]>
              </value>
            </param>
          </params>
          <reporter-output>
          </reporter-output>
        </test-method> <!-- setup -->
        <test-method status="PASS" signature="products()[pri:0, instance:com.attends.TestCases.ProductsPageTest@1efbd816]" name="products" duration-ms="22252" started-at="2021-11-30T22:05:16Z" finished-at="2021-11-30T22:05:38Z">
          <reporter-output>
            <line>
              <![CDATA[View All Products | Attends]]>
            </line>
          </reporter-output>
        </test-method> <!-- products -->
        <test-method status="PASS" signature="tearDown()[pri:0, instance:com.attends.TestCases.ProductsPageTest@1efbd816]" name="tearDown" is-config="true" duration-ms="1516" started-at="2021-11-30T22:05:38Z" finished-at="2021-11-30T22:05:40Z">
          <reporter-output>
          </reporter-output>
        </test-method> <!-- tearDown -->
      </class> <!-- com.attends.TestCases.ProductsPageTest -->
      <class name="com.attends.TestCases.LoginPageTest">
        <test-method status="PASS" signature="setup(java.lang.String)[pri:0, instance:com.attends.TestCases.LoginPageTest@7921b0a2]" name="setup" is-config="true" duration-ms="5096" started-at="2021-11-30T22:03:45Z" finished-at="2021-11-30T22:03:50Z">
          <params>
            <param index="0">
              <value>
                <![CDATA[chrome]]>
              </value>
            </param>
          </params>
          <reporter-output>
          </reporter-output>
        </test-method> <!-- setup -->
        <test-method status="FAIL" signature="login(java.lang.String, java.lang.String)[pri:0, instance:com.attends.TestCases.LoginPageTest@7921b0a2]" name="login" duration-ms="12517" started-at="2021-11-30T22:03:50Z" data-provider="login" finished-at="2021-11-30T22:04:02Z">
          <params>
            <param index="0">
              <value>
                <![CDATA[anjalironaldo43@gmail.com]]>
              </value>
            </param>
            <param index="1">
              <value>
                <![CDATA[qwerty@123456]]>
              </value>
            </param>
          </params>
          <exception class="org.openqa.selenium.NoSuchElementException">
            <message>
              <![CDATA[no such element: Unable to locate element: {"method":"xpath","selector":"(//input[@id='email'])[1]"}
  (Session info: chrome=93.0.4577.82)
For documentation on this error, please visit: https://www.seleniumhq.org/exceptions/no_such_element.html
Build info: version: '3.141.59', revision: 'e82be7d358', time: '2018-11-14T08:17:03'
System info: host: 'LTIN339106', ip: '192.168.1.2', os.name: 'Windows 10', os.arch: 'amd64', os.version: '10.0', java.version: '1.8.0_271'
Driver info: org.openqa.selenium.chrome.ChromeDriver
Capabilities {acceptInsecureCerts: false, browserName: chrome, browserVersion: 93.0.4577.82, chrome: {chromedriverVersion: 93.0.4577.63 (ff5c0da2ec0ad..., userDataDir: C:\Users\2066410\AppData\Lo...}, goog:chromeOptions: {debuggerAddress: localhost:49974}, javascriptEnabled: true, networkConnectionEnabled: false, pageLoadStrategy: normal, platform: WINDOWS, platformName: WINDOWS, proxy: Proxy(), setWindowRect: true, strictFileInteractability: false, timeouts: {implicit: 0, pageLoad: 300000, script: 30000}, unhandledPromptBehavior: dismiss and notify, webauthn:extension:credBlob: true, webauthn:extension:largeBlob: true, webauthn:virtualAuthenticators: true}
Session ID: 1443dd4f922287427f912e8d334cfb80
*** Element info: {Using=xpath, value=(//input[@id='email'])[1]}]]>
            </message>
            <full-stacktrace>
              <![CDATA[org.openqa.selenium.NoSuchElementException: no such element: Unable to locate element: {"method":"xpath","selector":"(//input[@id='email'])[1]"}
  (Session info: chrome=93.0.4577.82)
For documentation on this error, please visit: https://www.seleniumhq.org/exceptions/no_such_element.html
Build info: version: '3.141.59', revision: 'e82be7d358', time: '2018-11-14T08:17:03'
System info: host: 'LTIN339106', ip: '192.168.1.2', os.name: 'Windows 10', os.arch: 'amd64', os.version: '10.0', java.version: '1.8.0_271'
Driver info: org.openqa.selenium.chrome.ChromeDriver
Capabilities {acceptInsecureCerts: false, browserName: chrome, browserVersion: 93.0.4577.82, chrome: {chromedriverVersion: 93.0.4577.63 (ff5c0da2ec0ad..., userDataDir: C:\Users\2066410\AppData\Lo...}, goog:chromeOptions: {debuggerAddress: localhost:49974}, javascriptEnabled: true, networkConnectionEnabled: false, pageLoadStrategy: normal, platform: WINDOWS, platformName: WINDOWS, proxy: Proxy(), setWindowRect: true, strictFileInteractability: false, timeouts: {implicit: 0, pageLoad: 300000, script: 30000}, unhandledPromptBehavior: dismiss and notify, webauthn:extension:credBlob: true, webauthn:extension:largeBlob: true, webauthn:virtualAuthenticators: true}
Session ID: 1443dd4f922287427f912e8d334cfb80
*** Element info: {Using=xpath, value=(//input[@id='email'])[1]}
	at sun.reflect.NativeConstructorAccessorImpl.newInstance0(Native Method)
	at sun.reflect.NativeConstructorAccessorImpl.newInstance(NativeConstructorAccessorImpl.java:62)
	at sun.reflect.DelegatingConstructorAccessorImpl.newInstance(DelegatingConstructorAccessorImpl.java:45)
	at java.lang.reflect.Constructor.newInstance(Constructor.java:423)
	at org.openqa.selenium.remote.http.W3CHttpResponseCodec.createException(W3CHttpResponseCodec.java:187)
	at org.openqa.selenium.remote.http.W3CHttpResponseCodec.decode(W3CHttpResponseCodec.java:122)
	at org.openqa.selenium.remote.http.W3CHttpResponseCodec.decode(W3CHttpResponseCodec.java:49)
	at org.openqa.selenium.remote.HttpCommandExecutor.execute(HttpCommandExecutor.java:158)
	at org.openqa.selenium.remote.service.DriverCommandExecutor.execute(DriverCommandExecutor.java:83)
	at org.openqa.selenium.remote.RemoteWebDriver.execute(RemoteWebDriver.java:552)
	at org.openqa.selenium.remote.RemoteWebDriver.findElement(RemoteWebDriver.java:323)
	at org.openqa.selenium.remote.RemoteWebDriver.findElementByXPath(RemoteWebDriver.java:428)
	at org.openqa.selenium.By$ByXPath.findElement(By.java:353)
	at org.openqa.selenium.remote.RemoteWebDriver.findElement(RemoteWebDriver.java:315)
	at org.openqa.selenium.support.pagefactory.DefaultElementLocator.findElement(DefaultElementLocator.java:69)
	at org.openqa.selenium.support.pagefactory.internal.LocatingElementHandler.invoke(LocatingElementHandler.java:38)
	at com.sun.proxy.$Proxy12.clear(Unknown Source)
	at com.attends.TestCases.LoginPageTest.login(LoginPageTest.java:59)
	at sun.reflect.NativeMethodAccessorImpl.invoke0(Native Method)
	at sun.reflect.NativeMethodAccessorImpl.invoke(NativeMethodAccessorImpl.java:62)
	at sun.reflect.DelegatingMethodAccessorImpl.invoke(DelegatingMethodAccessorImpl.java:43)
	at java.lang.reflect.Method.invoke(Method.java:498)
	at org.testng.internal.MethodInvocationHelper.invokeMethod(MethodInvocationHelper.java:86)
	at org.testng.internal.Invoker.invokeMethod(Invoker.java:645)
	at org.testng.internal.Invoker.invokeTestMethod(Invoker.java:822)
	at org.testng.internal.Invoker.invokeTestMethods(Invoker.java:1130)
	at org.testng.internal.TestMethodWorker.invokeTestMethods(TestMethodWorker.java:129)
	at org.testng.internal.TestMethodWorker.run(TestMethodWorker.java:112)
	at org.testng.TestRunner.privateRun(TestRunner.java:782)
	at org.testng.TestRunner.run(TestRunner.java:632)
	at org.testng.SuiteRunner.runTest(SuiteRunner.java:366)
	at org.testng.SuiteRunner.runSequentially(SuiteRunner.java:361)
	at org.testng.SuiteRunner.privateRun(SuiteRunner.java:319)
	at org.testng.SuiteRunner.run(SuiteRunner.java:268)
	at org.testng.SuiteRunnerWorker.runSuite(SuiteRunnerWorker.java:52)
	at org.testng.SuiteRunnerWorker.run(SuiteRunnerWorker.java:86)
	at org.testng.TestNG.runSuitesSequentially(TestNG.java:1244)
	at org.testng.TestNG.runSuitesLocally(TestNG.java:1169)
	at org.testng.TestNG.run(TestNG.java:1064)
	at org.testng.remote.RemoteTestNG.run(RemoteTestNG.java:113)
	at org.testng.remote.RemoteTestNG.initAndRun(RemoteTestNG.java:206)
	at org.testng.remote.RemoteTestNG.main(RemoteTestNG.java:177)
]]>
            </full-stacktrace>
          </exception> <!-- org.openqa.selenium.NoSuchElementException -->
          <reporter-output>
          </reporter-output>
        </test-method> <!-- login -->
        <test-method status="PASS" signature="tearDown()[pri:0, instance:com.attends.TestCases.LoginPageTest@7921b0a2]" name="tearDown" is-config="true" duration-ms="1687" started-at="2021-11-30T22:04:02Z" finished-at="2021-11-30T22:04:04Z">
          <reporter-output>
          </reporter-output>
        </test-method> <!-- tearDown -->
      </class> <!-- com.attends.TestCases.LoginPageTest -->
    </test> <!-- TestCheck -->
  </suite> <!-- Suite -->
</testng-results>
